Using pre-set license
Built from '2022.3/staging' branch; Version is '2022.3.22f1 (887be4894c44) revision 8944612'; Using compiler version '192829333'; Build Type 'Release'
OS: 'Windows 10  (10.0.19045) 64bit Core' Language: 'en' Physical Memory: 65419 MB
BatchMode: 1, IsHumanControllingUs: 0, StartBugReporterOnCrash: 0, Is64bit: 1, IsPro: 1

COMMAND LINE ARGUMENTS:
E:\UnityLTS_2022.3.22f1\Unity 2022.3.22f1\Editor\Unity.exe
-adb2
-batchMode
-noUpm
-name
AssetImportWorker0
-projectPath
E:/TrickShot/Stadium/Stadium_TS_HDRP/Stadium_TS_HDRP
-logFile
Logs/AssetImportWorker0.log
-srvPort
63252
Successfully changed project path to: E:/TrickShot/Stadium/Stadium_TS_HDRP/Stadium_TS_HDRP
E:/TrickShot/Stadium/Stadium_TS_HDRP/Stadium_TS_HDRP
[UnityMemory] Configuration Parameters - Can be set up in boot.config
    "memorysetup-bucket-allocator-granularity=16"
    "memorysetup-bucket-allocator-bucket-count=8"
    "memorysetup-bucket-allocator-block-size=33554432"
    "memorysetup-bucket-allocator-block-count=8"
    "memorysetup-main-allocator-block-size=16777216"
    "memorysetup-thread-allocator-block-size=16777216"
    "memorysetup-gfx-main-allocator-block-size=16777216"
    "memorysetup-gfx-thread-allocator-block-size=16777216"
    "memorysetup-cache-allocator-block-size=4194304"
    "memorysetup-typetree-allocator-block-size=2097152"
    "memorysetup-profiler-bucket-allocator-granularity=16"
    "memorysetup-profiler-bucket-allocator-bucket-count=8"
    "memorysetup-profiler-bucket-allocator-block-size=33554432"
    "memorysetup-profiler-bucket-allocator-block-count=8"
    "memorysetup-profiler-allocator-block-size=16777216"
    "memorysetup-profiler-editor-allocator-block-size=1048576"
    "memorysetup-temp-allocator-size-main=16777216"
    "memorysetup-job-temp-allocator-block-size=2097152"
    "memorysetup-job-temp-allocator-block-size-background=1048576"
    "memorysetup-job-temp-allocator-reduction-small-platforms=262144"
    "memorysetup-allocator-temp-initial-block-size-main=262144"
    "memorysetup-allocator-temp-initial-block-size-worker=262144"
    "memorysetup-temp-allocator-size-background-worker=32768"
    "memorysetup-temp-allocator-size-job-worker=262144"
    "memorysetup-temp-allocator-size-preload-manager=33554432"
    "memorysetup-temp-allocator-size-nav-mesh-worker=65536"
    "memorysetup-temp-allocator-size-audio-worker=65536"
    "memorysetup-temp-allocator-size-cloud-worker=32768"
    "memorysetup-temp-allocator-size-gi-baking-worker=262144"
    "memorysetup-temp-allocator-size-gfx=262144"
Player connection [80688] Host "[IP] 192.168.1.17 [Port] 0 [Flags] 2 [Guid] 1731626370 [EditorId] 1731626370 [Version] 1048832 [Id] WindowsEditor(7,DESKTOP-02HREB5) [Debug] 1 [PackageName] WindowsEditor [ProjectName] Editor" joined multi-casting on [225.0.0.222:54997]...

Player connection [80688] Host "[IP] 192.168.1.17 [Port] 0 [Flags] 2 [Guid] 1731626370 [EditorId] 1731626370 [Version] 1048832 [Id] WindowsEditor(7,DESKTOP-02HREB5) [Debug] 1 [PackageName] WindowsEditor [ProjectName] Editor" joined alternative multi-casting on [225.0.0.222:34997]...

[Physics::Module] Initialized MultithreadedJobDispatcher with 23 workers.
Refreshing native plugins compatible for Editor in 18.31 ms, found 4 plugins.
Preloading 0 native plugins for Editor in 0.00 ms.
Initialize engine version: 2022.3.22f1 (887be4894c44)
[Subsystems] Discovering subsystems at path E:/UnityLTS_2022.3.22f1/Unity 2022.3.22f1/Editor/Data/Resources/UnitySubsystems
[Subsystems] Discovering subsystems at path E:/TrickShot/Stadium/Stadium_TS_HDRP/Stadium_TS_HDRP/Assets
GfxDevice: creating device client; threaded=0; jobified=0
d3d12: loaded!
Direct3D:
    Version:         Direct3D 12 [level 12.1]
    Renderer:        NVIDIA GeForce RTX 2070 (ID=0x1f02)
    Vendor:          NVIDIA
    VRAM:            8019 MB
    App VRAM Budget: 7251 MB
    Driver:          31.0.15.3623
d3d12: Profiler is enabled, but stable power state is not. GPU timing errors are expected.
Initialize mono
Mono path[0] = 'E:/UnityLTS_2022.3.22f1/Unity 2022.3.22f1/Editor/Data/Managed'
Mono path[1] = 'E:/UnityLTS_2022.3.22f1/Unity 2022.3.22f1/Editor/Data/MonoBleedingEdge/lib/mono/unityjit-win32'
Mono config path = 'E:/UnityLTS_2022.3.22f1/Unity 2022.3.22f1/Editor/Data/MonoBleedingEdge/etc'
Using monoOptions --debugger-agent=transport=dt_socket,embedding=1,server=y,suspend=n,address=127.0.0.1:56372
Begin MonoManager ReloadAssembly
Registering precompiled unity dll's ...
Register platform support module: E:/UnityLTS_2022.3.22f1/Unity 2022.3.22f1/Editor/Data/PlaybackEngines/AndroidPlayer/UnityEditor.Android.Extensions.dll
Register platform support module: E:/UnityLTS_2022.3.22f1/Unity 2022.3.22f1/Editor/Data/PlaybackEngines/WindowsStandaloneSupport/UnityEditor.WindowsStandalone.Extensions.dll
Registered in 0.006358 seconds.
- Loaded All Assemblies, in  0.326 seconds
Native extension for WindowsStandalone target not found
Native extension for Android target not found
Mono: successfully reloaded assembly
- Finished resetting the current domain, in  0.312 seconds
Domain Reload Profiling: 638ms
	BeginReloadAssembly (91ms)
		ExecutionOrderSort (0ms)
		DisableScriptedObjects (0ms)
		BackupInstance (0ms)
		ReleaseScriptingObjects (0ms)
		CreateAndSetChildDomain (1ms)
	RebuildCommonClasses (32ms)
	RebuildNativeTypeToScriptingClass (11ms)
	initialDomainReloadingComplete (51ms)
	LoadAllAssembliesAndSetupDomain (140ms)
		LoadAssemblies (91ms)
		RebuildTransferFunctionScriptingTraits (0ms)
		AnalyzeDomain (138ms)
			TypeCache.Refresh (136ms)
				TypeCache.ScanAssembly (124ms)
			ScanForSourceGeneratedMonoScriptInfo (0ms)
			ResolveRequiredComponents (0ms)
	FinalizeReload (312ms)
		ReleaseScriptCaches (0ms)
		RebuildScriptCaches (0ms)
		SetupLoadedEditorAssemblies (258ms)
			LogAssemblyErrors (0ms)
			InitializePlatformSupportModulesInManaged (92ms)
			SetLoadedEditorAssemblies (4ms)
			RefreshPlugins (0ms)
			BeforeProcessingInitializeOnLoad (2ms)
			ProcessInitializeOnLoadAttributes (115ms)
			ProcessInitializeOnLoadMethodAttributes (45ms)
			AfterProcessingInitializeOnLoad (0ms)
			EditorAssembliesLoaded (0ms)
		ExecutionOrderSort2 (0ms)
		AwakeInstancesAfterBackupRestoration (0ms)
========================================================================
Worker process is ready to serve import requests
Begin MonoManager ReloadAssembly
- Loaded All Assemblies, in  0.775 seconds
Refreshing native plugins compatible for Editor in 2.93 ms, found 4 plugins.
Native extension for WindowsStandalone target not found
Native extension for Android target not found
Package Manager log level set to [2]
[Package Manager] Server::EnsureServerProcessIsRunning -- launch failed, reason: Unity was launched with the -noUpm command-line argument
[Package Manager] UpmClient::Send -- Unable to send message (not connected to UPM process).
[Package Manager] Cannot connect to Unity Package Manager local server
d3d12: upload buffer was full! Waited for COPY queue for 2.964 ms.
[Package Manager] Server::EnsureServerProcessIsRunning -- launch failed, reason: Unity was launched with the -noUpm command-line argument
[Package Manager] UpmClient::Send -- Unable to send message (not connected to UPM process).
[Package Manager] Cannot connect to Unity Package Manager local server
[Package Manager] Server::EnsureServerProcessIsRunning -- launch failed, reason: Unity was launched with the -noUpm command-line argument
[Package Manager] UpmClient::Send -- Unable to send message (not connected to UPM process).
[Package Manager] Cannot connect to Unity Package Manager local server
Failed to retreived packages from Package Manager...
UnityEngine.StackTraceUtility:ExtractStackTrace ()
UnityEngine.DebugLogHandler:LogFormat (UnityEngine.LogType,UnityEngine.Object,string,object[])
UnityEngine.Logger:Log (UnityEngine.LogType,object)
UnityEngine.Debug:LogError (object)
StylizedGrass.AssetInfo/PackageInstaller:RetreivePackageList () (at Assets/Stylized Grass Shader/Editor/AssetInfo.cs:67)
StylizedGrass.AssetInfo/PackageInstaller:Initialize () (at Assets/Stylized Grass Shader/Editor/AssetInfo.cs:37)
System.Reflection.RuntimeMethodInfo:Invoke (object,System.Reflection.BindingFlags,System.Reflection.Binder,object[],System.Globalization.CultureInfo)
System.Reflection.MethodBase:Invoke (object,object[])
UnityEditor.EditorAssemblies:ProcessInitializeOnLoadMethodAttributes ()

(Filename: Assets/Stylized Grass Shader/Editor/AssetInfo.cs Line: 67)

Cancelling DisplayDialog: Stylized Grass Shader v1.4.4 This package requires the Universal Render Pipeline 12.1.8 or newer, would you like to install or update it now?
This should not be called in batch mode.
UnityEngine.StackTraceUtility:ExtractStackTrace ()
UnityEditor.EditorUtility:DisplayDialog (string,string,string,string)
StylizedGrass.AssetInfo/PackageInstaller:Initialize () (at Assets/Stylized Grass Shader/Editor/AssetInfo.cs:39)
System.Reflection.RuntimeMethodInfo:Invoke (object,System.Reflection.BindingFlags,System.Reflection.Binder,object[],System.Globalization.CultureInfo)
System.Reflection.MethodBase:Invoke (object,object[])
UnityEditor.EditorAssemblies:ProcessInitializeOnLoadMethodAttributes ()

[Assets/Stylized Grass Shader/Editor/AssetInfo.cs line 39]

Mono: successfully reloaded assembly
- Finished resetting the current domain, in  0.969 seconds
Domain Reload Profiling: 1744ms
	BeginReloadAssembly (134ms)
		ExecutionOrderSort (0ms)
		DisableScriptedObjects (5ms)
		BackupInstance (0ms)
		ReleaseScriptingObjects (0ms)
		CreateAndSetChildDomain (27ms)
	RebuildCommonClasses (33ms)
	RebuildNativeTypeToScriptingClass (11ms)
	initialDomainReloadingComplete (34ms)
	LoadAllAssembliesAndSetupDomain (561ms)
		LoadAssemblies (314ms)
		RebuildTransferFunctionScriptingTraits (0ms)
		AnalyzeDomain (319ms)
			TypeCache.Refresh (270ms)
				TypeCache.ScanAssembly (249ms)
			ScanForSourceGeneratedMonoScriptInfo (31ms)
			ResolveRequiredComponents (15ms)
	FinalizeReload (970ms)
		ReleaseScriptCaches (0ms)
		RebuildScriptCaches (0ms)
		SetupLoadedEditorAssemblies (755ms)
			LogAssemblyErrors (0ms)
			InitializePlatformSupportModulesInManaged (22ms)
			SetLoadedEditorAssemblies (5ms)
			RefreshPlugins (0ms)
			BeforeProcessingInitializeOnLoad (86ms)
			ProcessInitializeOnLoadAttributes (450ms)
			ProcessInitializeOnLoadMethodAttributes (188ms)
			AfterProcessingInitializeOnLoad (3ms)
			EditorAssembliesLoaded (0ms)
		ExecutionOrderSort2 (0ms)
		AwakeInstancesAfterBackupRestoration (7ms)
Launched and connected shader compiler UnityShaderCompiler.exe after 0.04 seconds
Refreshing native plugins compatible for Editor in 3.30 ms, found 4 plugins.
Preloading 0 native plugins for Editor in 0.00 ms.
Unloading 7858 Unused Serialized files (Serialized files now loaded: 0)
Unloading 142 unused Assets / (4.9 MB). Loaded Objects now: 8327.
Memory consumption went from 375.6 MB to 370.8 MB.
Total: 6.150500 ms (FindLiveObjects: 0.802600 ms CreateObjectMapping: 0.223200 ms MarkObjects: 3.449000 ms  DeleteObjects: 1.674800 ms)

AssetImportParameters requested are different than current active one (requested -> active):
  custom:container-demuxer-ogg: 62fdf1f143b41e24485cea50d1cbac27 -> 
  custom:framework-win-MediaFoundation: 216162199b28c13a410421893ffa2e32 -> 
  custom:container-muxer-webm: aa71ff27fc2769a1b78a27578f13a17b -> 
  custom:video-decoder-webm-vp8: 9c59270c3fd7afecdb556c50c9e8de78 -> 
  custom:SearchIndexIgnoredProperties: e643bd26f0fe6173181afceb89e7c659 -> 
  custom:AudioImporter_EditorPlatform: d09bf68614088b80899f8185d706f6e7 -> 
  custom:audio-decoder-ogg-vorbis: bf7c407c2cedff20999df2af8eb42d56 -> 
  custom:audio-encoder-webm-vorbis: bf7c407c2cedff20999df2af8eb42d56 -> 
  custom:video-codec-MediaFoundation-h265: e54d7ab0439102e2317fc1e4b246158d -> 
  custom:video-decoder-ogg-theora: a1e56fd34408186e4bbccfd4996cb3dc -> 
  custom:CustomObjectIndexerAttribute: 72b91833f83ae208fae7752999fa3104 -> 
  custom:container-demuxer-webm: 4f35f7cbe854078d1ac9338744f61a02 -> 
  custom:video-encoder-webm-vp8: eb34c28f22e8b96e1ab97ce403110664 -> 
========================================================================
Received Import Request.
  Time since last request: 84305.873321 seconds.
  path: Assets/Quixel/Megascans/Surfaces/Cut Grass_sfenffsa/Textures/Albedo_4K__sfenffsa.png
  artifactKey: Guid(2ed6ad7d310744f49a445ee110400bc9) Importer(815301076,1909f56bfc062723c751e8b465ee728b)
Start importing Assets/Quixel/Megascans/Surfaces/Cut Grass_sfenffsa/Textures/Albedo_4K__sfenffsa.png using Guid(2ed6ad7d310744f49a445ee110400bc9) Importer(815301076,1909f56bfc062723c751e8b465ee728b)  -> (artifact id: '0ac8a57b9e3bfd56d535d9bc3db33d08') in 0.079908 seconds
Number of updated asset objects reloaded before import = 0
Number of asset objects unloaded after import = 2
========================================================================
Received Import Request.
  Time since last request: 12.022716 seconds.
  path: Assets/Stadium_TS/Materials/Pitch_B.shadergraph
  artifactKey: Guid(c8ec31001e3ac4c449510ffb6d343c5b) Importer(815301076,1909f56bfc062723c751e8b465ee728b)
Start importing Assets/Stadium_TS/Materials/Pitch_B.shadergraph using Guid(c8ec31001e3ac4c449510ffb6d343c5b) Importer(815301076,1909f56bfc062723c751e8b465ee728b) d3d12: upload buffer was full! Waited for COPY queue for 1.819 ms.
d3d12: upload buffer was full! Waited for COPY queue for 2.601 ms.
d3d12: upload buffer was full! Waited for COPY queue for 1.615 ms.
 -> (artifact id: 'dbef34346a2b8e3804634aabd5ba5c17') in 7.752662 seconds
Number of updated asset objects reloaded before import = 0
Number of asset objects unloaded after import = 37
========================================================================
Received Import Request.
  Time since last request: 33.895536 seconds.
  path: Assets/Stadium_TS/Texture/Stripes1.jpg
  artifactKey: Guid(071a45c27e5856e4ca7a88842986ea1a) Importer(815301076,1909f56bfc062723c751e8b465ee728b)
Start importing Assets/Stadium_TS/Texture/Stripes1.jpg using Guid(071a45c27e5856e4ca7a88842986ea1a) Importer(815301076,1909f56bfc062723c751e8b465ee728b)  -> (artifact id: 'a2c8fc583095e22bbaa5a7035a58113e') in 0.072527 seconds
Number of updated asset objects reloaded before import = 0
Number of asset objects unloaded after import = 2
========================================================================
Received Import Request.
  Time since last request: 73.034443 seconds.
  path: Assets/Stadium_TS/Materials/Pitch_B 1.shadergraph
  artifactKey: Guid(800e4cefe42bb0c49922251c64f22d21) Importer(815301076,1909f56bfc062723c751e8b465ee728b)
Start importing Assets/Stadium_TS/Materials/Pitch_B 1.shadergraph using Guid(800e4cefe42bb0c49922251c64f22d21) Importer(815301076,1909f56bfc062723c751e8b465ee728b) d3d12: upload buffer was full! Waited for COPY queue for 1.828 ms.
d3d12: upload buffer was full! Waited for COPY queue for 2.603 ms.
 -> (artifact id: '997864ec4b3ff678c792f596faadd825') in 1.184705 seconds
Number of updated asset objects reloaded before import = 0
Number of asset objects unloaded after import = 5
========================================================================
Received Import Request.
  Time since last request: 6.966602 seconds.
  path: Assets/Stadium_TS/Materials/Pitch_Blend.shadergraph
  artifactKey: Guid(800e4cefe42bb0c49922251c64f22d21) Importer(815301076,1909f56bfc062723c751e8b465ee728b)
Start importing Assets/Stadium_TS/Materials/Pitch_Blend.shadergraph using Guid(800e4cefe42bb0c49922251c64f22d21) Importer(815301076,1909f56bfc062723c751e8b465ee728b) d3d12: upload buffer was full! Waited for COPY queue for 0.928 ms.
d3d12: upload buffer was full! Waited for COPY queue for 1.334 ms.
 -> (artifact id: 'a123618634a8e6c588949a5ec87a90b2') in 1.175976 seconds
Number of updated asset objects reloaded before import = 0
Number of asset objects unloaded after import = 5
========================================================================
Received Import Request.
  Time since last request: 228.807189 seconds.
  path: Assets/Stadium_TS/Materials/Pitch_Blend.shadergraph
  artifactKey: Guid(800e4cefe42bb0c49922251c64f22d21) Importer(815301076,1909f56bfc062723c751e8b465ee728b)
Start importing Assets/Stadium_TS/Materials/Pitch_Blend.shadergraph using Guid(800e4cefe42bb0c49922251c64f22d21) Importer(815301076,1909f56bfc062723c751e8b465ee728b) d3d12: upload buffer was full! Waited for COPY queue for 3.814 ms.
d3d12: upload buffer was full! Waited for COPY queue for 6.340 ms.
 -> (artifact id: '283ebfc871788fb21326c5400057819b') in 0.592833 seconds
Number of updated asset objects reloaded before import = 0
Number of asset objects unloaded after import = 4
========================================================================
Received Import Request.
  Time since last request: 909.875940 seconds.
  path: Assets/Stadium_TS/Meshes/grass_meadow_02_cross_2.fbx
  artifactKey: Guid(9058d9189e9ea0e42a21ff4a3e285aa6) Importer(815301076,1909f56bfc062723c751e8b465ee728b)
Start importing Assets/Stadium_TS/Meshes/grass_meadow_02_cross_2.fbx using Guid(9058d9189e9ea0e42a21ff4a3e285aa6) Importer(815301076,1909f56bfc062723c751e8b465ee728b) d3d12: upload buffer was full! Waited for COPY queue for 2.711 ms.
 -> (artifact id: '54d976d81286fdc7e6b01723e7df8a1d') in 0.165397 seconds
Internal: There are remaining Allocations on the JobTempAlloc. This is a leak, and will impact performance
To Debug, run app with -diag-job-temp-memory-leak-validation cmd line argument. This will output the callstacks of the leaked allocations.
Number of updated asset objects reloaded before import = 0
Number of asset objects unloaded after import = 21
========================================================================
Received Import Request.
  Time since last request: 161.051485 seconds.
  path: Assets/Stadium_TS/Meshes/grass_meadow_02_cross_2.fbx
  artifactKey: Guid(9058d9189e9ea0e42a21ff4a3e285aa6) Importer(815301076,1909f56bfc062723c751e8b465ee728b)
Start importing Assets/Stadium_TS/Meshes/grass_meadow_02_cross_2.fbx using Guid(9058d9189e9ea0e42a21ff4a3e285aa6) Importer(815301076,1909f56bfc062723c751e8b465ee728b) d3d12: upload buffer was full! Waited for COPY queue for 3.423 ms.
 -> (artifact id: '02558044e8a4862dc8c73f2dc21f7537') in 0.628041 seconds
Internal: There are remaining Allocations on the JobTempAlloc. This is a leak, and will impact performance
To Debug, run app with -diag-job-temp-memory-leak-validation cmd line argument. This will output the callstacks of the leaked allocations.
Number of updated asset objects reloaded before import = 0
Number of asset objects unloaded after import = 21
========================================================================
Received Import Request.
  Time since last request: 1152.765437 seconds.
  path: Assets/SampleSceneAssets/Settings/LightingSettings/LightingSettings3High.lighting
  artifactKey: Guid(ee2d11691bfc5384b89d821ffe96a394) Importer(815301076,1909f56bfc062723c751e8b465ee728b)
Start importing Assets/SampleSceneAssets/Settings/LightingSettings/LightingSettings3High.lighting using Guid(ee2d11691bfc5384b89d821ffe96a394) Importer(815301076,1909f56bfc062723c751e8b465ee728b) LightingSettings: switching bake backend from 1 to 2.
 -> (artifact id: '3ba5218ac1c2b3faf0bffb33ef3ff75d') in 0.001924 seconds
Number of updated asset objects reloaded before import = 0
Number of asset objects unloaded after import = 1
========================================================================
Received Import Request.
  Time since last request: 59.412756 seconds.
  path: Assets/Stadium_TS/Texture/TX_GoalNet_DIF.PNG
  artifactKey: Guid(37fc9d2b47aeede49907100ce8ec3adc) Importer(815301076,1909f56bfc062723c751e8b465ee728b)
Start importing Assets/Stadium_TS/Texture/TX_GoalNet_DIF.PNG using Guid(37fc9d2b47aeede49907100ce8ec3adc) Importer(815301076,1909f56bfc062723c751e8b465ee728b)  -> (artifact id: '45bff9803128711cf2e2042d5d2529c8') in 0.019828 seconds
Number of updated asset objects reloaded before import = 0
Number of asset objects unloaded after import = 2
========================================================================
Received Import Request.
  Time since last request: 0.000031 seconds.
  path: Assets/Stadium_TS/Texture/TX_GoalNet_OPC.PNG
  artifactKey: Guid(72740a3bfc3dfad439ef1d3ff5ba34dc) Importer(815301076,1909f56bfc062723c751e8b465ee728b)
Start importing Assets/Stadium_TS/Texture/TX_GoalNet_OPC.PNG using Guid(72740a3bfc3dfad439ef1d3ff5ba34dc) Importer(815301076,1909f56bfc062723c751e8b465ee728b)  -> (artifact id: '4e6b57c7c6b816dace4bb3d1688f7e11') in 0.015958 seconds
Number of updated asset objects reloaded before import = 0
Number of asset objects unloaded after import = 2
========================================================================
Received Prepare
Switching render pipeline 3e2e6bfc59709614ab90c0cd7d755e48 -> c78d399b0e7111b4eacf5caaae574939
Refreshing native plugins compatible for Editor in 2.83 ms, found 4 plugins.
Preloading 0 native plugins for Editor in 0.00 ms.
Unloading 29 Unused Serialized files (Serialized files now loaded: 0)
Unloading 11 unused Assets / (2.5 MB). Loaded Objects now: 9338.
Memory consumption went from 234.6 MB to 232.1 MB.
Total: 10.045700 ms (FindLiveObjects: 0.923400 ms CreateObjectMapping: 0.203200 ms MarkObjects: 7.772300 ms  DeleteObjects: 1.145800 ms)

Prepare: number of updated asset objects reloaded= 0
AssetImportParameters requested are different than current active one (requested -> active):
  custom:container-demuxer-ogg: 62fdf1f143b41e24485cea50d1cbac27 -> 
  custom:framework-win-MediaFoundation: 216162199b28c13a410421893ffa2e32 -> 
  custom:container-muxer-webm: aa71ff27fc2769a1b78a27578f13a17b -> 
  custom:video-decoder-webm-vp8: 9c59270c3fd7afecdb556c50c9e8de78 -> 
  custom:SearchIndexIgnoredProperties: e643bd26f0fe6173181afceb89e7c659 -> 
  custom:AudioImporter_EditorPlatform: d09bf68614088b80899f8185d706f6e7 -> 
  custom:audio-decoder-ogg-vorbis: bf7c407c2cedff20999df2af8eb42d56 -> 
  custom:audio-encoder-webm-vorbis: bf7c407c2cedff20999df2af8eb42d56 -> 
  custom:video-codec-MediaFoundation-h265: e54d7ab0439102e2317fc1e4b246158d -> 
  custom:srp/default-pipeline: 7cd893b9e017114baefcc5aaea759493 -> e3e2b6cf95076941ba090cdcd757e584
  custom:video-decoder-ogg-theora: a1e56fd34408186e4bbccfd4996cb3dc -> 
  custom:CustomObjectIndexerAttribute: 72b91833f83ae208fae7752999fa3104 -> 
  custom:container-demuxer-webm: 4f35f7cbe854078d1ac9338744f61a02 -> 
  custom:video-encoder-webm-vp8: eb34c28f22e8b96e1ab97ce403110664 -> 
========================================================================
Received Import Request.
  Time since last request: 21.305716 seconds.
  path: Assets/Stadium_TS/Texture/TX_GoalNet_NRM.PNG
  artifactKey: Guid(cc6617e79fc7f6743842ca1dfeb832a0) Importer(815301076,1909f56bfc062723c751e8b465ee728b)
Start importing Assets/Stadium_TS/Texture/TX_GoalNet_NRM.PNG using Guid(cc6617e79fc7f6743842ca1dfeb832a0) Importer(815301076,1909f56bfc062723c751e8b465ee728b)  -> (artifact id: 'de54b67e3f5a13ed4b67e99d4df0b548') in 0.055282 seconds
Number of updated asset objects reloaded before import = 0
Number of asset objects unloaded after import = 2
========================================================================
Received Import Request.
  Time since last request: 65.565915 seconds.
  path: Assets/Quixel/Megascans/Surfaces/Cut Grass_sfenffsa/Textures/Albedo_4K__sfenffsa.png
  artifactKey: Guid(2ed6ad7d310744f49a445ee110400bc9) Importer(815301076,1909f56bfc062723c751e8b465ee728b)
Start importing Assets/Quixel/Megascans/Surfaces/Cut Grass_sfenffsa/Textures/Albedo_4K__sfenffsa.png using Guid(2ed6ad7d310744f49a445ee110400bc9) Importer(815301076,1909f56bfc062723c751e8b465ee728b)  -> (artifact id: '93a7f79b4fbf072bb60f34a2ef2ea397') in 0.028002 seconds
Number of updated asset objects reloaded before import = 0
Number of asset objects unloaded after import = 2
========================================================================
Received Import Request.
  Time since last request: 959.365629 seconds.
  path: Assets/Stadium_TS/Texture/Custom/Banner_Trickshot.jpg
  artifactKey: Guid(ee5bff5a6ecf28540af00b7678a9bbc3) Importer(815301076,1909f56bfc062723c751e8b465ee728b)
Start importing Assets/Stadium_TS/Texture/Custom/Banner_Trickshot.jpg using Guid(ee5bff5a6ecf28540af00b7678a9bbc3) Importer(815301076,1909f56bfc062723c751e8b465ee728b)  -> (artifact id: 'dce37ce66ce04370d5556bd3315108fd') in 0.016618 seconds
Number of updated asset objects reloaded before import = 0
Number of asset objects unloaded after import = 2
========================================================================
Received Import Request.
  Time since last request: 30.111341 seconds.
  path: Assets/Stadium_TS/Texture/Custom/Banners.shadergraph
  artifactKey: Guid(7737373ad4336034db9964f26a3353e0) Importer(815301076,1909f56bfc062723c751e8b465ee728b)
Start importing Assets/Stadium_TS/Texture/Custom/Banners.shadergraph using Guid(7737373ad4336034db9964f26a3353e0) Importer(815301076,1909f56bfc062723c751e8b465ee728b)  -> (artifact id: '0824fa4e15d2d85a0d549ad995989090') in 0.383575 seconds
Number of updated asset objects reloaded before import = 0
Number of asset objects unloaded after import = 2
========================================================================
Received Import Request.
  Time since last request: 96.889376 seconds.
  path: Assets/Stadium_TS/Texture/Custom/Banners.shadergraph
  artifactKey: Guid(7737373ad4336034db9964f26a3353e0) Importer(815301076,1909f56bfc062723c751e8b465ee728b)
Start importing Assets/Stadium_TS/Texture/Custom/Banners.shadergraph using Guid(7737373ad4336034db9964f26a3353e0) Importer(815301076,1909f56bfc062723c751e8b465ee728b)  -> (artifact id: '1ea94f14a968fdfd02ddcc46c1e615ed') in 0.310650 seconds
Number of updated asset objects reloaded before import = 1
Number of asset objects unloaded after import = 2
========================================================================
Received Import Request.
  Time since last request: 37.913024 seconds.
  path: Assets/Stadium_TS/Texture/Custom
  artifactKey: Guid(eec376a9edf1ca4448405c0796247ad6) Importer(815301076,1909f56bfc062723c751e8b465ee728b)
Start importing Assets/Stadium_TS/Texture/Custom using Guid(eec376a9edf1ca4448405c0796247ad6) Importer(815301076,1909f56bfc062723c751e8b465ee728b)  -> (artifact id: 'ae9e32218f7769ce8246282500f8ab4f') in 0.000557 seconds
Number of updated asset objects reloaded before import = 0
Number of asset objects unloaded after import = 0
========================================================================
Received Prepare
Begin MonoManager ReloadAssembly
Fixing reference to the runtime script in scene file!
UnityEngine.StackTraceUtility:ExtractStackTrace ()
UnityEngine.Rendering.GraphicsSettings:get_currentRenderPipeline ()
UnityEngine.Rendering.HighDefinition.HDRenderPipeline:get_currentAsset () (at ./Library/PackageCache/com.unity.render-pipelines.high-definition@14.0.10/Runtime/RenderPipeline/HDRenderPipeline.cs:40)
UnityEngine.Rendering.HighDefinition.DebugDisplaySettings:UnregisterDisplayStatsDebug () (at ./Library/PackageCache/com.unity.render-pipelines.high-definition@14.0.10/Runtime/Debug/DebugDisplay.cs:1091)
UnityEngine.Rendering.HighDefinition.DebugDisplaySettings:UnregisterDebug () (at ./Library/PackageCache/com.unity.render-pipelines.high-definition@14.0.10/Runtime/Debug/DebugDisplay.cs:1994)
UnityEngine.Rendering.HighDefinition.HDRenderPipeline:Dispose (bool) (at ./Library/PackageCache/com.unity.render-pipelines.high-definition@14.0.10/Runtime/RenderPipeline/HDRenderPipeline.cs:946)
UnityEngine.Rendering.RenderPipeline:Dispose ()
UnityEngine.Rendering.RenderPipelineManager:CleanupRenderPipeline ()
UnityEngine.Rendering.RenderPipelineAsset:OnDisable ()

[./Library/PackageCache/com.unity.render-pipelines.high-definition@14.0.10/Runtime/RenderPipeline/HDRenderPipeline.cs line 40]

- Loaded All Assemblies, in  0.514 seconds
Refreshing native plugins compatible for Editor in 3.03 ms, found 4 plugins.
Native extension for WindowsStandalone target not found
Native extension for Android target not found
[Package Manager] Server::EnsureServerProcessIsRunning -- launch failed, reason: Unity was launched with the -noUpm command-line argument
[Package Manager] UpmClient::Send -- Unable to send message (not connected to UPM process).
[Package Manager] Cannot connect to Unity Package Manager local server
[Package Manager] Server::EnsureServerProcessIsRunning -- launch failed, reason: Unity was launched with the -noUpm command-line argument
[Package Manager] UpmClient::Send -- Unable to send message (not connected to UPM process).
[Package Manager] Cannot connect to Unity Package Manager local server
[Package Manager] Server::EnsureServerProcessIsRunning -- launch failed, reason: Unity was launched with the -noUpm command-line argument
[Package Manager] UpmClient::Send -- Unable to send message (not connected to UPM process).
[Package Manager] Cannot connect to Unity Package Manager local server
Failed to retreived packages from Package Manager...
UnityEngine.StackTraceUtility:ExtractStackTrace ()
UnityEngine.DebugLogHandler:LogFormat (UnityEngine.LogType,UnityEngine.Object,string,object[])
UnityEngine.Logger:Log (UnityEngine.LogType,object)
UnityEngine.Debug:LogError (object)
StylizedGrass.AssetInfo/PackageInstaller:RetreivePackageList () (at Assets/Stylized Grass Shader/Editor/AssetInfo.cs:67)
StylizedGrass.AssetInfo/PackageInstaller:Initialize () (at Assets/Stylized Grass Shader/Editor/AssetInfo.cs:37)
System.Reflection.RuntimeMethodInfo:Invoke (object,System.Reflection.BindingFlags,System.Reflection.Binder,object[],System.Globalization.CultureInfo)
System.Reflection.MethodBase:Invoke (object,object[])
UnityEditor.EditorAssemblies:ProcessInitializeOnLoadMethodAttributes ()

(Filename: Assets/Stylized Grass Shader/Editor/AssetInfo.cs Line: 67)

Cancelling DisplayDialog: Stylized Grass Shader v1.4.4 This package requires the Universal Render Pipeline 12.1.8 or newer, would you like to install or update it now?
This should not be called in batch mode.
UnityEngine.StackTraceUtility:ExtractStackTrace ()
UnityEditor.EditorUtility:DisplayDialog (string,string,string,string)
StylizedGrass.AssetInfo/PackageInstaller:Initialize () (at Assets/Stylized Grass Shader/Editor/AssetInfo.cs:39)
System.Reflection.RuntimeMethodInfo:Invoke (object,System.Reflection.BindingFlags,System.Reflection.Binder,object[],System.Globalization.CultureInfo)
System.Reflection.MethodBase:Invoke (object,object[])
UnityEditor.EditorAssemblies:ProcessInitializeOnLoadMethodAttributes ()

[Assets/Stylized Grass Shader/Editor/AssetInfo.cs line 39]

Mono: successfully reloaded assembly
- Finished resetting the current domain, in  1.455 seconds
Domain Reload Profiling: 1968ms
	BeginReloadAssembly (208ms)
		ExecutionOrderSort (0ms)
		DisableScriptedObjects (28ms)
		BackupInstance (0ms)
		ReleaseScriptingObjects (0ms)
		CreateAndSetChildDomain (64ms)
	RebuildCommonClasses (32ms)
	RebuildNativeTypeToScriptingClass (11ms)
	initialDomainReloadingComplete (23ms)
	LoadAllAssembliesAndSetupDomain (238ms)
		LoadAssemblies (283ms)
		RebuildTransferFunctionScriptingTraits (0ms)
		AnalyzeDomain (26ms)
			TypeCache.Refresh (7ms)
				TypeCache.ScanAssembly (0ms)
			ScanForSourceGeneratedMonoScriptInfo (0ms)
			ResolveRequiredComponents (16ms)
	FinalizeReload (1456ms)
		ReleaseScriptCaches (0ms)
		RebuildScriptCaches (0ms)
		SetupLoadedEditorAssemblies (525ms)
			LogAssemblyErrors (0ms)
			InitializePlatformSupportModulesInManaged (21ms)
			SetLoadedEditorAssemblies (3ms)
			RefreshPlugins (0ms)
			BeforeProcessingInitializeOnLoad (86ms)
			ProcessInitializeOnLoadAttributes (380ms)
			ProcessInitializeOnLoadMethodAttributes (31ms)
			AfterProcessingInitializeOnLoad (3ms)
			EditorAssembliesLoaded (0ms)
		ExecutionOrderSort2 (0ms)
		AwakeInstancesAfterBackupRestoration (58ms)
Refreshing native plugins compatible for Editor in 3.12 ms, found 4 plugins.
Preloading 0 native plugins for Editor in 0.00 ms.
Unloading 7428 Unused Serialized files (Serialized files now loaded: 0)
Unloading 88 unused Assets / (4.8 MB). Loaded Objects now: 8548.
Memory consumption went from 330.2 MB to 325.4 MB.
Total: 6.584000 ms (FindLiveObjects: 0.861900 ms CreateObjectMapping: 0.222600 ms MarkObjects: 3.436700 ms  DeleteObjects: 2.061600 ms)

Prepare: number of updated asset objects reloaded= 0
AssetImportParameters requested are different than current active one (requested -> active):
  custom:container-demuxer-ogg: 62fdf1f143b41e24485cea50d1cbac27 -> 
  custom:framework-win-MediaFoundation: 216162199b28c13a410421893ffa2e32 -> 
  custom:container-muxer-webm: aa71ff27fc2769a1b78a27578f13a17b -> 
  custom:video-decoder-webm-vp8: 9c59270c3fd7afecdb556c50c9e8de78 -> 
  custom:SearchIndexIgnoredProperties: e643bd26f0fe6173181afceb89e7c659 -> 
  custom:AudioImporter_EditorPlatform: d09bf68614088b80899f8185d706f6e7 -> 
  custom:audio-decoder-ogg-vorbis: bf7c407c2cedff20999df2af8eb42d56 -> 
  custom:audio-encoder-webm-vorbis: bf7c407c2cedff20999df2af8eb42d56 -> 
  custom:video-codec-MediaFoundation-h265: e54d7ab0439102e2317fc1e4b246158d -> 
  custom:video-decoder-ogg-theora: a1e56fd34408186e4bbccfd4996cb3dc -> 
  custom:CustomObjectIndexerAttribute: 72b91833f83ae208fae7752999fa3104 -> 
  custom:container-demuxer-webm: 4f35f7cbe854078d1ac9338744f61a02 -> 
  custom:video-encoder-webm-vp8: eb34c28f22e8b96e1ab97ce403110664 -> 
========================================================================
Received Import Request.
  Time since last request: 489.547313 seconds.
  path: Assets/Stadium_TS/Animation
  artifactKey: Guid(64ce2e3274497cb44a47e8f590fb743d) Importer(815301076,1909f56bfc062723c751e8b465ee728b)
Start importing Assets/Stadium_TS/Animation using Guid(64ce2e3274497cb44a47e8f590fb743d) Importer(815301076,1909f56bfc062723c751e8b465ee728b)  -> (artifact id: 'f70bf2f616c3b49770dafc0b6bf0e17a') in 0.002129 seconds
Number of updated asset objects reloaded before import = 0
Number of asset objects unloaded after import = 0
========================================================================
Received Import Request.
  Time since last request: 14.808196 seconds.
  path: Assets/Stadium_TS/Materials/CameraFlashes
  artifactKey: Guid(2cf101cb5ec58034fb62b9983dd2f89e) Importer(815301076,1909f56bfc062723c751e8b465ee728b)
Start importing Assets/Stadium_TS/Materials/CameraFlashes using Guid(2cf101cb5ec58034fb62b9983dd2f89e) Importer(815301076,1909f56bfc062723c751e8b465ee728b)  -> (artifact id: 'a9d614a38c486d1555e7e33629b19759') in 0.000674 seconds
Number of updated asset objects reloaded before import = 0
Number of asset objects unloaded after import = 0
========================================================================
Received Import Request.
  Time since last request: 14.547984 seconds.
  path: Assets/Stadium_TS/Materials/CameraFlashes/CameraFlash.shadergraph
  artifactKey: Guid(dcefc325ed178a94885fd3dc1e4c2123) Importer(815301076,1909f56bfc062723c751e8b465ee728b)
Start importing Assets/Stadium_TS/Materials/CameraFlashes/CameraFlash.shadergraph using Guid(dcefc325ed178a94885fd3dc1e4c2123) Importer(815301076,1909f56bfc062723c751e8b465ee728b) d3d12: upload buffer was full! Waited for COPY queue for 2.199 ms.
d3d12: upload buffer was full! Waited for COPY queue for 1.783 ms.
d3d12: upload buffer was full! Waited for COPY queue for 1.790 ms.
d3d12: upload buffer was full! Waited for COPY queue for 1.940 ms.
d3d12: upload buffer was full! Waited for COPY queue for 1.929 ms.
Launched and connected shader compiler UnityShaderCompiler.exe after 0.04 seconds
Launched and connected shader compiler UnityShaderCompiler.exe after 0.04 seconds
Launched and connected shader compiler UnityShaderCompiler.exe after 0.04 seconds
Launched and connected shader compiler UnityShaderCompiler.exe after 0.04 seconds
Launched and connected shader compiler UnityShaderCompiler.exe after 0.04 seconds
Launched and connected shader compiler UnityShaderCompiler.exe after 0.04 seconds
Launched and connected shader compiler UnityShaderCompiler.exe after 0.05 seconds
Launched and connected shader compiler UnityShaderCompiler.exe after 0.05 seconds
Launched and connected shader compiler UnityShaderCompiler.exe after 0.05 seconds
Launched and connected shader compiler UnityShaderCompiler.exe after 0.05 seconds
Launched and connected shader compiler UnityShaderCompiler.exe after 0.05 seconds
Launched and connected shader compiler UnityShaderCompiler.exe after 0.06 seconds
Launched and connected shader compiler UnityShaderCompiler.exe after 0.06 seconds
Launched and connected shader compiler UnityShaderCompiler.exe after 0.07 seconds
Launched and connected shader compiler UnityShaderCompiler.exe after 0.07 seconds
Launched and connected shader compiler UnityShaderCompiler.exe after 0.09 seconds
Launched and connected shader compiler UnityShaderCompiler.exe after 0.09 seconds
Launched and connected shader compiler UnityShaderCompiler.exe after 0.10 seconds
Launched and connected shader compiler UnityShaderCompiler.exe after 0.10 seconds
Launched and connected shader compiler UnityShaderCompiler.exe after 0.12 seconds
Launched and connected shader compiler UnityShaderCompiler.exe after 0.12 seconds
Launched and connected shader compiler UnityShaderCompiler.exe after 0.13 seconds
Launched and connected shader compiler UnityShaderCompiler.exe after 0.14 seconds
 -> (artifact id: 'b81d726aaf5b9cb65308ea98f7c2bc40') in 16.508365 seconds
Number of updated asset objects reloaded before import = 0
Number of asset objects unloaded after import = 97
========================================================================
Received Import Request.
  Time since last request: 0.459831 seconds.
  path: Assets/Stadium_TS/Materials/CameraFlashes/CameraFlashes.shadergraph
  artifactKey: Guid(dcefc325ed178a94885fd3dc1e4c2123) Importer(815301076,1909f56bfc062723c751e8b465ee728b)
Start importing Assets/Stadium_TS/Materials/CameraFlashes/CameraFlashes.shadergraph using Guid(dcefc325ed178a94885fd3dc1e4c2123) Importer(815301076,1909f56bfc062723c751e8b465ee728b)  -> (artifact id: '29378e3d7ed7904758e9e9f39aa8e3c0') in 0.536197 seconds
Number of updated asset objects reloaded before import = 0
Number of asset objects unloaded after import = 2
========================================================================
Received Import Request.
  Time since last request: 782.493085 seconds.
  path: Assets/Stadium_TS/Materials/CameraFlashes/CameraFlashes.shadergraph
  artifactKey: Guid(dcefc325ed178a94885fd3dc1e4c2123) Importer(815301076,1909f56bfc062723c751e8b465ee728b)
Start importing Assets/Stadium_TS/Materials/CameraFlashes/CameraFlashes.shadergraph using Guid(dcefc325ed178a94885fd3dc1e4c2123) Importer(815301076,1909f56bfc062723c751e8b465ee728b)  -> (artifact id: '06804fb0a6de2f2cf38ddef09549da39') in 0.512782 seconds
Number of updated asset objects reloaded before import = 0
Number of asset objects unloaded after import = 2
========================================================================
Received Import Request.
  Time since last request: 1325.592678 seconds.
  path: Assets/Stadium_TS/Materials/CameraFlashes/CameraFlashes.shadergraph
  artifactKey: Guid(dcefc325ed178a94885fd3dc1e4c2123) Importer(815301076,1909f56bfc062723c751e8b465ee728b)
Start importing Assets/Stadium_TS/Materials/CameraFlashes/CameraFlashes.shadergraph using Guid(dcefc325ed178a94885fd3dc1e4c2123) Importer(815301076,1909f56bfc062723c751e8b465ee728b)  -> (artifact id: '75007d5d9ce3b5e1331a3b5d2652fe5d') in 0.551356 seconds
Number of updated asset objects reloaded before import = 0
Number of asset objects unloaded after import = 2
========================================================================
Received Import Request.
  Time since last request: 74.660674 seconds.
  path: Assets
  artifactKey: Guid(00000000000000001000000000000000) Importer(815301076,1909f56bfc062723c751e8b465ee728b)
Start importing Assets using Guid(00000000000000001000000000000000) Importer(815301076,1909f56bfc062723c751e8b465ee728b)  -> (artifact id: '8a4fe85251aa2e89732c359432baa2c3') in 0.000618 seconds
Number of updated asset objects reloaded before import = 0
Number of asset objects unloaded after import = 0
========================================================================
Received Prepare
Begin MonoManager ReloadAssembly
- Loaded All Assemblies, in  0.514 seconds
Refreshing native plugins compatible for Editor in 2.98 ms, found 4 plugins.
Native extension for WindowsStandalone target not found
Native extension for Android target not found
[Package Manager] Server::EnsureServerProcessIsRunning -- launch failed, reason: Unity was launched with the -noUpm command-line argument
[Package Manager] UpmClient::Send -- Unable to send message (not connected to UPM process).
[Package Manager] Cannot connect to Unity Package Manager local server
[Package Manager] Server::EnsureServerProcessIsRunning -- launch failed, reason: Unity was launched with the -noUpm command-line argument
[Package Manager] UpmClient::Send -- Unable to send message (not connected to UPM process).
[Package Manager] Cannot connect to Unity Package Manager local server
[Package Manager] Server::EnsureServerProcessIsRunning -- launch failed, reason: Unity was launched with the -noUpm command-line argument
[Package Manager] UpmClient::Send -- Unable to send message (not connected to UPM process).
[Package Manager] Cannot connect to Unity Package Manager local server
Failed to retreived packages from Package Manager...
UnityEngine.StackTraceUtility:ExtractStackTrace ()
UnityEngine.DebugLogHandler:LogFormat (UnityEngine.LogType,UnityEngine.Object,string,object[])
UnityEngine.Logger:Log (UnityEngine.LogType,object)
UnityEngine.Debug:LogError (object)
StylizedGrass.AssetInfo/PackageInstaller:RetreivePackageList () (at Assets/Stylized Grass Shader/Editor/AssetInfo.cs:67)
StylizedGrass.AssetInfo/PackageInstaller:Initialize () (at Assets/Stylized Grass Shader/Editor/AssetInfo.cs:37)
System.Reflection.RuntimeMethodInfo:Invoke (object,System.Reflection.BindingFlags,System.Reflection.Binder,object[],System.Globalization.CultureInfo)
System.Reflection.MethodBase:Invoke (object,object[])
UnityEditor.EditorAssemblies:ProcessInitializeOnLoadMethodAttributes ()

(Filename: Assets/Stylized Grass Shader/Editor/AssetInfo.cs Line: 67)

Cancelling DisplayDialog: Stylized Grass Shader v1.4.4 This package requires the Universal Render Pipeline 12.1.8 or newer, would you like to install or update it now?
This should not be called in batch mode.
UnityEngine.StackTraceUtility:ExtractStackTrace ()
UnityEditor.EditorUtility:DisplayDialog (string,string,string,string)
StylizedGrass.AssetInfo/PackageInstaller:Initialize () (at Assets/Stylized Grass Shader/Editor/AssetInfo.cs:39)
System.Reflection.RuntimeMethodInfo:Invoke (object,System.Reflection.BindingFlags,System.Reflection.Binder,object[],System.Globalization.CultureInfo)
System.Reflection.MethodBase:Invoke (object,object[])
UnityEditor.EditorAssemblies:ProcessInitializeOnLoadMethodAttributes ()

[Assets/Stylized Grass Shader/Editor/AssetInfo.cs line 39]

Mono: successfully reloaded assembly
- Finished resetting the current domain, in  1.444 seconds
Domain Reload Profiling: 1956ms
	BeginReloadAssembly (213ms)
		ExecutionOrderSort (0ms)
		DisableScriptedObjects (30ms)
		BackupInstance (0ms)
		ReleaseScriptingObjects (0ms)
		CreateAndSetChildDomain (64ms)
	RebuildCommonClasses (32ms)
	RebuildNativeTypeToScriptingClass (11ms)
	initialDomainReloadingComplete (23ms)
	LoadAllAssembliesAndSetupDomain (233ms)
		LoadAssemblies (276ms)
		RebuildTransferFunctionScriptingTraits (0ms)
		AnalyzeDomain (26ms)
			TypeCache.Refresh (7ms)
				TypeCache.ScanAssembly (0ms)
			ScanForSourceGeneratedMonoScriptInfo (0ms)
			ResolveRequiredComponents (16ms)
	FinalizeReload (1444ms)
		ReleaseScriptCaches (0ms)
		RebuildScriptCaches (0ms)
		SetupLoadedEditorAssemblies (545ms)
			LogAssemblyErrors (0ms)
			InitializePlatformSupportModulesInManaged (21ms)
			SetLoadedEditorAssemblies (3ms)
			RefreshPlugins (0ms)
			BeforeProcessingInitializeOnLoad (89ms)
			ProcessInitializeOnLoadAttributes (396ms)
			ProcessInitializeOnLoadMethodAttributes (32ms)
			AfterProcessingInitializeOnLoad (3ms)
			EditorAssembliesLoaded (0ms)
		ExecutionOrderSort2 (0ms)
		AwakeInstancesAfterBackupRestoration (56ms)
Refreshing native plugins compatible for Editor in 3.58 ms, found 4 plugins.
Preloading 0 native plugins for Editor in 0.00 ms.
Unloading 7448 Unused Serialized files (Serialized files now loaded: 0)
Unloading 73 unused Assets / (2.4 MB). Loaded Objects now: 8738.
Memory consumption went from 339.1 MB to 336.6 MB.
Total: 7.060400 ms (FindLiveObjects: 0.920600 ms CreateObjectMapping: 0.766800 ms MarkObjects: 4.054500 ms  DeleteObjects: 1.317900 ms)

Prepare: number of updated asset objects reloaded= 0
AssetImportParameters requested are different than current active one (requested -> active):
  custom:container-demuxer-ogg: 62fdf1f143b41e24485cea50d1cbac27 -> 
  custom:framework-win-MediaFoundation: 216162199b28c13a410421893ffa2e32 -> 
  custom:container-muxer-webm: aa71ff27fc2769a1b78a27578f13a17b -> 
  custom:video-decoder-webm-vp8: 9c59270c3fd7afecdb556c50c9e8de78 -> 
  custom:SearchIndexIgnoredProperties: e643bd26f0fe6173181afceb89e7c659 -> 
  custom:AudioImporter_EditorPlatform: d09bf68614088b80899f8185d706f6e7 -> 
  custom:audio-decoder-ogg-vorbis: bf7c407c2cedff20999df2af8eb42d56 -> 
  custom:audio-encoder-webm-vorbis: bf7c407c2cedff20999df2af8eb42d56 -> 
  custom:video-codec-MediaFoundation-h265: e54d7ab0439102e2317fc1e4b246158d -> 
  custom:video-decoder-ogg-theora: a1e56fd34408186e4bbccfd4996cb3dc -> 
  custom:CustomObjectIndexerAttribute: 72b91833f83ae208fae7752999fa3104 -> 
  custom:container-demuxer-webm: 4f35f7cbe854078d1ac9338744f61a02 -> 
  custom:video-encoder-webm-vp8: eb34c28f22e8b96e1ab97ce403110664 -> 
========================================================================
Received Import Request.
  Time since last request: 1292.084179 seconds.
  path: Assets/Stadium_TS/Materials/CameraFlashes/CameraFlashes.shadergraph
  artifactKey: Guid(dcefc325ed178a94885fd3dc1e4c2123) Importer(815301076,1909f56bfc062723c751e8b465ee728b)
Start importing Assets/Stadium_TS/Materials/CameraFlashes/CameraFlashes.shadergraph using Guid(dcefc325ed178a94885fd3dc1e4c2123) Importer(815301076,1909f56bfc062723c751e8b465ee728b) d3d12: upload buffer was full! Waited for COPY queue for 1.224 ms.
d3d12: upload buffer was full! Waited for COPY queue for 0.932 ms.
d3d12: upload buffer was full! Waited for COPY queue for 0.940 ms.
d3d12: upload buffer was full! Waited for COPY queue for 0.934 ms.
d3d12: upload buffer was full! Waited for COPY queue for 0.949 ms.
 -> (artifact id: 'ff44644ea76313a1a85f6f19d4af6c53') in 1.135865 seconds
Number of updated asset objects reloaded before import = 1
Number of asset objects unloaded after import = 67
========================================================================
Received Prepare
Begin MonoManager ReloadAssembly
- Loaded All Assemblies, in  0.514 seconds
Refreshing native plugins compatible for Editor in 3.03 ms, found 4 plugins.
Native extension for WindowsStandalone target not found
Native extension for Android target not found
[Package Manager] Server::EnsureServerProcessIsRunning -- launch failed, reason: Unity was launched with the -noUpm command-line argument
[Package Manager] UpmClient::Send -- Unable to send message (not connected to UPM process).
[Package Manager] Cannot connect to Unity Package Manager local server
[Package Manager] Server::EnsureServerProcessIsRunning -- launch failed, reason: Unity was launched with the -noUpm command-line argument
[Package Manager] UpmClient::Send -- Unable to send message (not connected to UPM process).
[Package Manager] Cannot connect to Unity Package Manager local server
[Package Manager] Server::EnsureServerProcessIsRunning -- launch failed, reason: Unity was launched with the -noUpm command-line argument
[Package Manager] UpmClient::Send -- Unable to send message (not connected to UPM process).
[Package Manager] Cannot connect to Unity Package Manager local server
Failed to retreived packages from Package Manager...
UnityEngine.StackTraceUtility:ExtractStackTrace ()
UnityEngine.DebugLogHandler:LogFormat (UnityEngine.LogType,UnityEngine.Object,string,object[])
UnityEngine.Logger:Log (UnityEngine.LogType,object)
UnityEngine.Debug:LogError (object)
StylizedGrass.AssetInfo/PackageInstaller:RetreivePackageList () (at Assets/Stylized Grass Shader/Editor/AssetInfo.cs:67)
StylizedGrass.AssetInfo/PackageInstaller:Initialize () (at Assets/Stylized Grass Shader/Editor/AssetInfo.cs:37)
System.Reflection.RuntimeMethodInfo:Invoke (object,System.Reflection.BindingFlags,System.Reflection.Binder,object[],System.Globalization.CultureInfo)
System.Reflection.MethodBase:Invoke (object,object[])
UnityEditor.EditorAssemblies:ProcessInitializeOnLoadMethodAttributes ()

(Filename: Assets/Stylized Grass Shader/Editor/AssetInfo.cs Line: 67)

Cancelling DisplayDialog: Stylized Grass Shader v1.4.4 This package requires the Universal Render Pipeline 12.1.8 or newer, would you like to install or update it now?
This should not be called in batch mode.
UnityEngine.StackTraceUtility:ExtractStackTrace ()
UnityEditor.EditorUtility:DisplayDialog (string,string,string,string)
StylizedGrass.AssetInfo/PackageInstaller:Initialize () (at Assets/Stylized Grass Shader/Editor/AssetInfo.cs:39)
System.Reflection.RuntimeMethodInfo:Invoke (object,System.Reflection.BindingFlags,System.Reflection.Binder,object[],System.Globalization.CultureInfo)
System.Reflection.MethodBase:Invoke (object,object[])
UnityEditor.EditorAssemblies:ProcessInitializeOnLoadMethodAttributes ()

[Assets/Stylized Grass Shader/Editor/AssetInfo.cs line 39]

Mono: successfully reloaded assembly
- Finished resetting the current domain, in  1.382 seconds
Domain Reload Profiling: 1896ms
	BeginReloadAssembly (213ms)
		ExecutionOrderSort (0ms)
		DisableScriptedObjects (29ms)
		BackupInstance (0ms)
		ReleaseScriptingObjects (0ms)
		CreateAndSetChildDomain (65ms)
	RebuildCommonClasses (31ms)
	RebuildNativeTypeToScriptingClass (12ms)
	initialDomainReloadingComplete (23ms)
	LoadAllAssembliesAndSetupDomain (234ms)
		LoadAssemblies (276ms)
		RebuildTransferFunctionScriptingTraits (0ms)
		AnalyzeDomain (26ms)
			TypeCache.Refresh (7ms)
				TypeCache.ScanAssembly (0ms)
			ScanForSourceGeneratedMonoScriptInfo (0ms)
			ResolveRequiredComponents (16ms)
	FinalizeReload (1383ms)
		ReleaseScriptCaches (0ms)
		RebuildScriptCaches (0ms)
		SetupLoadedEditorAssemblies (559ms)
			LogAssemblyErrors (0ms)
			InitializePlatformSupportModulesInManaged (21ms)
			SetLoadedEditorAssemblies (3ms)
			RefreshPlugins (0ms)
			BeforeProcessingInitializeOnLoad (92ms)
			ProcessInitializeOnLoadAttributes (408ms)
			ProcessInitializeOnLoadMethodAttributes (32ms)
			AfterProcessingInitializeOnLoad (3ms)
			EditorAssembliesLoaded (0ms)
		ExecutionOrderSort2 (0ms)
		AwakeInstancesAfterBackupRestoration (57ms)
Refreshing native plugins compatible for Editor in 3.08 ms, found 4 plugins.
Preloading 0 native plugins for Editor in 0.00 ms.
Unloading 7418 Unused Serialized files (Serialized files now loaded: 0)
Unloading 72 unused Assets / (2.4 MB). Loaded Objects now: 8898.
Memory consumption went from 338.4 MB to 336.0 MB.
Total: 6.111700 ms (FindLiveObjects: 0.861800 ms CreateObjectMapping: 0.234300 ms MarkObjects: 3.554600 ms  DeleteObjects: 1.460100 ms)

Prepare: number of updated asset objects reloaded= 0
AssetImportParameters requested are different than current active one (requested -> active):
  custom:container-demuxer-ogg: 62fdf1f143b41e24485cea50d1cbac27 -> 
  custom:framework-win-MediaFoundation: 216162199b28c13a410421893ffa2e32 -> 
  custom:container-muxer-webm: aa71ff27fc2769a1b78a27578f13a17b -> 
  custom:video-decoder-webm-vp8: 9c59270c3fd7afecdb556c50c9e8de78 -> 
  custom:SearchIndexIgnoredProperties: e643bd26f0fe6173181afceb89e7c659 -> 
  custom:AudioImporter_EditorPlatform: d09bf68614088b80899f8185d706f6e7 -> 
  custom:audio-decoder-ogg-vorbis: bf7c407c2cedff20999df2af8eb42d56 -> 
  custom:audio-encoder-webm-vorbis: bf7c407c2cedff20999df2af8eb42d56 -> 
  custom:video-codec-MediaFoundation-h265: e54d7ab0439102e2317fc1e4b246158d -> 
  custom:video-decoder-ogg-theora: a1e56fd34408186e4bbccfd4996cb3dc -> 
  custom:CustomObjectIndexerAttribute: 72b91833f83ae208fae7752999fa3104 -> 
  custom:container-demuxer-webm: 4f35f7cbe854078d1ac9338744f61a02 -> 
  custom:video-encoder-webm-vp8: eb34c28f22e8b96e1ab97ce403110664 -> 
========================================================================
Received Prepare
Begin MonoManager ReloadAssembly
- Loaded All Assemblies, in  0.483 seconds
Refreshing native plugins compatible for Editor in 3.06 ms, found 4 plugins.
Native extension for WindowsStandalone target not found
Native extension for Android target not found
[Package Manager] Server::EnsureServerProcessIsRunning -- launch failed, reason: Unity was launched with the -noUpm command-line argument
[Package Manager] UpmClient::Send -- Unable to send message (not connected to UPM process).
[Package Manager] Cannot connect to Unity Package Manager local server
[Package Manager] Server::EnsureServerProcessIsRunning -- launch failed, reason: Unity was launched with the -noUpm command-line argument
[Package Manager] UpmClient::Send -- Unable to send message (not connected to UPM process).
[Package Manager] Cannot connect to Unity Package Manager local server
[Package Manager] Server::EnsureServerProcessIsRunning -- launch failed, reason: Unity was launched with the -noUpm command-line argument
[Package Manager] UpmClient::Send -- Unable to send message (not connected to UPM process).
[Package Manager] Cannot connect to Unity Package Manager local server
Failed to retreived packages from Package Manager...
UnityEngine.StackTraceUtility:ExtractStackTrace ()
UnityEngine.DebugLogHandler:LogFormat (UnityEngine.LogType,UnityEngine.Object,string,object[])
UnityEngine.Logger:Log (UnityEngine.LogType,object)
UnityEngine.Debug:LogError (object)
StylizedGrass.AssetInfo/PackageInstaller:RetreivePackageList () (at Assets/Stylized Grass Shader/Editor/AssetInfo.cs:67)
StylizedGrass.AssetInfo/PackageInstaller:Initialize () (at Assets/Stylized Grass Shader/Editor/AssetInfo.cs:37)
System.Reflection.RuntimeMethodInfo:Invoke (object,System.Reflection.BindingFlags,System.Reflection.Binder,object[],System.Globalization.CultureInfo)
System.Reflection.MethodBase:Invoke (object,object[])
UnityEditor.EditorAssemblies:ProcessInitializeOnLoadMethodAttributes ()

(Filename: Assets/Stylized Grass Shader/Editor/AssetInfo.cs Line: 67)

Cancelling DisplayDialog: Stylized Grass Shader v1.4.4 This package requires the Universal Render Pipeline 12.1.8 or newer, would you like to install or update it now?
This should not be called in batch mode.
UnityEngine.StackTraceUtility:ExtractStackTrace ()
UnityEditor.EditorUtility:DisplayDialog (string,string,string,string)
StylizedGrass.AssetInfo/PackageInstaller:Initialize () (at Assets/Stylized Grass Shader/Editor/AssetInfo.cs:39)
System.Reflection.RuntimeMethodInfo:Invoke (object,System.Reflection.BindingFlags,System.Reflection.Binder,object[],System.Globalization.CultureInfo)
System.Reflection.MethodBase:Invoke (object,object[])
UnityEditor.EditorAssemblies:ProcessInitializeOnLoadMethodAttributes ()

[Assets/Stylized Grass Shader/Editor/AssetInfo.cs line 39]

Mono: successfully reloaded assembly
- Finished resetting the current domain, in  1.380 seconds
Domain Reload Profiling: 1862ms
	BeginReloadAssembly (171ms)
		ExecutionOrderSort (0ms)
		DisableScriptedObjects (6ms)
		BackupInstance (0ms)
		ReleaseScriptingObjects (0ms)
		CreateAndSetChildDomain (54ms)
	RebuildCommonClasses (31ms)
	RebuildNativeTypeToScriptingClass (11ms)
	initialDomainReloadingComplete (23ms)
	LoadAllAssembliesAndSetupDomain (246ms)
		LoadAssemblies (287ms)
		RebuildTransferFunctionScriptingTraits (0ms)
		AnalyzeDomain (27ms)
			TypeCache.Refresh (9ms)
				TypeCache.ScanAssembly (0ms)
			ScanForSourceGeneratedMonoScriptInfo (0ms)
			ResolveRequiredComponents (17ms)
	FinalizeReload (1381ms)
		ReleaseScriptCaches (0ms)
		RebuildScriptCaches (0ms)
		SetupLoadedEditorAssemblies (536ms)
			LogAssemblyErrors (0ms)
			InitializePlatformSupportModulesInManaged (21ms)
			SetLoadedEditorAssemblies (3ms)
			RefreshPlugins (0ms)
			BeforeProcessingInitializeOnLoad (89ms)
			ProcessInitializeOnLoadAttributes (390ms)
			ProcessInitializeOnLoadMethodAttributes (30ms)
			AfterProcessingInitializeOnLoad (3ms)
			EditorAssembliesLoaded (0ms)
		ExecutionOrderSort2 (0ms)
		AwakeInstancesAfterBackupRestoration (52ms)
Refreshing native plugins compatible for Editor in 3.08 ms, found 4 plugins.
Preloading 0 native plugins for Editor in 0.00 ms.
Unloading 7417 Unused Serialized files (Serialized files now loaded: 0)
Unloading 71 unused Assets / (2.5 MB). Loaded Objects now: 8914.
Memory consumption went from 340.1 MB to 337.6 MB.
Total: 5.800600 ms (FindLiveObjects: 0.849500 ms CreateObjectMapping: 0.229000 ms MarkObjects: 3.391300 ms  DeleteObjects: 1.330200 ms)

Prepare: number of updated asset objects reloaded= 0
AssetImportParameters requested are different than current active one (requested -> active):
  custom:container-demuxer-ogg: 62fdf1f143b41e24485cea50d1cbac27 -> 
  custom:framework-win-MediaFoundation: 216162199b28c13a410421893ffa2e32 -> 
  custom:container-muxer-webm: aa71ff27fc2769a1b78a27578f13a17b -> 
  custom:video-decoder-webm-vp8: 9c59270c3fd7afecdb556c50c9e8de78 -> 
  custom:SearchIndexIgnoredProperties: e643bd26f0fe6173181afceb89e7c659 -> 
  custom:AudioImporter_EditorPlatform: d09bf68614088b80899f8185d706f6e7 -> 
  custom:audio-decoder-ogg-vorbis: bf7c407c2cedff20999df2af8eb42d56 -> 
  custom:audio-encoder-webm-vorbis: bf7c407c2cedff20999df2af8eb42d56 -> 
  custom:video-codec-MediaFoundation-h265: e54d7ab0439102e2317fc1e4b246158d -> 
  custom:video-decoder-ogg-theora: a1e56fd34408186e4bbccfd4996cb3dc -> 
  custom:CustomObjectIndexerAttribute: 72b91833f83ae208fae7752999fa3104 -> 
  custom:container-demuxer-webm: 4f35f7cbe854078d1ac9338744f61a02 -> 
  custom:video-encoder-webm-vp8: eb34c28f22e8b96e1ab97ce403110664 -> 
========================================================================
Received Import Request.
  Time since last request: 742.140712 seconds.
  path: Assets/Stadium_TS
  artifactKey: Guid(8319ab4bdae433545bc2429ba1591359) Importer(815301076,1909f56bfc062723c751e8b465ee728b)
Start importing Assets/Stadium_TS using Guid(8319ab4bdae433545bc2429ba1591359) Importer(815301076,1909f56bfc062723c751e8b465ee728b)  -> (artifact id: '98601eb524d327ff20653cbabd601975') in 0.002035 seconds
Number of updated asset objects reloaded before import = 0
Number of asset objects unloaded after import = 0
========================================================================
Received Import Request.
  Time since last request: 14.353725 seconds.
  path: Assets/Stadium_TS/VFX
  artifactKey: Guid(c9dbc8abc8871074b91685d45cc2bb43) Importer(815301076,1909f56bfc062723c751e8b465ee728b)
Start importing Assets/Stadium_TS/VFX using Guid(c9dbc8abc8871074b91685d45cc2bb43) Importer(815301076,1909f56bfc062723c751e8b465ee728b)  -> (artifact id: 'f05b3bfd67f19cdc7fe45925cdd22748') in 0.000620 seconds
Number of updated asset objects reloaded before import = 0
Number of asset objects unloaded after import = 0
========================================================================
Received Prepare
Begin MonoManager ReloadAssembly
- Loaded All Assemblies, in  0.521 seconds
Refreshing native plugins compatible for Editor in 3.83 ms, found 4 plugins.
Native extension for WindowsStandalone target not found
Native extension for Android target not found
[Package Manager] Server::EnsureServerProcessIsRunning -- launch failed, reason: Unity was launched with the -noUpm command-line argument
[Package Manager] UpmClient::Send -- Unable to send message (not connected to UPM process).
[Package Manager] Cannot connect to Unity Package Manager local server
[Package Manager] Server::EnsureServerProcessIsRunning -- launch failed, reason: Unity was launched with the -noUpm command-line argument
[Package Manager] UpmClient::Send -- Unable to send message (not connected to UPM process).
[Package Manager] Cannot connect to Unity Package Manager local server
[Package Manager] Server::EnsureServerProcessIsRunning -- launch failed, reason: Unity was launched with the -noUpm command-line argument
[Package Manager] UpmClient::Send -- Unable to send message (not connected to UPM process).
[Package Manager] Cannot connect to Unity Package Manager local server
Failed to retreived packages from Package Manager...
UnityEngine.StackTraceUtility:ExtractStackTrace ()
UnityEngine.DebugLogHandler:LogFormat (UnityEngine.LogType,UnityEngine.Object,string,object[])
UnityEngine.Logger:Log (UnityEngine.LogType,object)
UnityEngine.Debug:LogError (object)
StylizedGrass.AssetInfo/PackageInstaller:RetreivePackageList () (at Assets/Stylized Grass Shader/Editor/AssetInfo.cs:67)
StylizedGrass.AssetInfo/PackageInstaller:Initialize () (at Assets/Stylized Grass Shader/Editor/AssetInfo.cs:37)
System.Reflection.RuntimeMethodInfo:Invoke (object,System.Reflection.BindingFlags,System.Reflection.Binder,object[],System.Globalization.CultureInfo)
System.Reflection.MethodBase:Invoke (object,object[])
UnityEditor.EditorAssemblies:ProcessInitializeOnLoadMethodAttributes ()

(Filename: Assets/Stylized Grass Shader/Editor/AssetInfo.cs Line: 67)

Cancelling DisplayDialog: Stylized Grass Shader v1.4.4 This package requires the Universal Render Pipeline 12.1.8 or newer, would you like to install or update it now?
This should not be called in batch mode.
UnityEngine.StackTraceUtility:ExtractStackTrace ()
UnityEditor.EditorUtility:DisplayDialog (string,string,string,string)
StylizedGrass.AssetInfo/PackageInstaller:Initialize () (at Assets/Stylized Grass Shader/Editor/AssetInfo.cs:39)
System.Reflection.RuntimeMethodInfo:Invoke (object,System.Reflection.BindingFlags,System.Reflection.Binder,object[],System.Globalization.CultureInfo)
System.Reflection.MethodBase:Invoke (object,object[])
UnityEditor.EditorAssemblies:ProcessInitializeOnLoadMethodAttributes ()

[Assets/Stylized Grass Shader/Editor/AssetInfo.cs line 39]

Mono: successfully reloaded assembly
- Finished resetting the current domain, in  1.475 seconds
Domain Reload Profiling: 1995ms
	BeginReloadAssembly (184ms)
		ExecutionOrderSort (0ms)
		DisableScriptedObjects (6ms)
		BackupInstance (0ms)
		ReleaseScriptingObjects (0ms)
		CreateAndSetChildDomain (55ms)
	RebuildCommonClasses (34ms)
	RebuildNativeTypeToScriptingClass (12ms)
	initialDomainReloadingComplete (27ms)
	LoadAllAssembliesAndSetupDomain (263ms)
		LoadAssemblies (312ms)
		RebuildTransferFunctionScriptingTraits (0ms)
		AnalyzeDomain (28ms)
			TypeCache.Refresh (8ms)
				TypeCache.ScanAssembly (0ms)
			ScanForSourceGeneratedMonoScriptInfo (0ms)
			ResolveRequiredComponents (18ms)
	FinalizeReload (1475ms)
		ReleaseScriptCaches (0ms)
		RebuildScriptCaches (0ms)
		SetupLoadedEditorAssemblies (563ms)
			LogAssemblyErrors (0ms)
			InitializePlatformSupportModulesInManaged (22ms)
			SetLoadedEditorAssemblies (3ms)
			RefreshPlugins (0ms)
			BeforeProcessingInitializeOnLoad (92ms)
			ProcessInitializeOnLoadAttributes (410ms)
			ProcessInitializeOnLoadMethodAttributes (33ms)
			AfterProcessingInitializeOnLoad (3ms)
			EditorAssembliesLoaded (0ms)
		ExecutionOrderSort2 (0ms)
		AwakeInstancesAfterBackupRestoration (56ms)
Refreshing native plugins compatible for Editor in 3.17 ms, found 4 plugins.
Preloading 0 native plugins for Editor in 0.00 ms.
Unloading 7417 Unused Serialized files (Serialized files now loaded: 0)
Unloading 71 unused Assets / (2.6 MB). Loaded Objects now: 8930.
Memory consumption went from 342.1 MB to 339.5 MB.
Total: 6.593200 ms (FindLiveObjects: 0.898600 ms CreateObjectMapping: 0.229300 ms MarkObjects: 3.738800 ms  DeleteObjects: 1.725400 ms)

Prepare: number of updated asset objects reloaded= 1
AssetImportParameters requested are different than current active one (requested -> active):
  custom:container-demuxer-ogg: 62fdf1f143b41e24485cea50d1cbac27 -> 
  custom:framework-win-MediaFoundation: 216162199b28c13a410421893ffa2e32 -> 
  custom:container-muxer-webm: aa71ff27fc2769a1b78a27578f13a17b -> 
  custom:video-decoder-webm-vp8: 9c59270c3fd7afecdb556c50c9e8de78 -> 
  custom:SearchIndexIgnoredProperties: e643bd26f0fe6173181afceb89e7c659 -> 
  custom:AudioImporter_EditorPlatform: d09bf68614088b80899f8185d706f6e7 -> 
  custom:audio-decoder-ogg-vorbis: bf7c407c2cedff20999df2af8eb42d56 -> 
  custom:audio-encoder-webm-vorbis: bf7c407c2cedff20999df2af8eb42d56 -> 
  custom:video-codec-MediaFoundation-h265: e54d7ab0439102e2317fc1e4b246158d -> 
  custom:video-decoder-ogg-theora: a1e56fd34408186e4bbccfd4996cb3dc -> 
  custom:CustomObjectIndexerAttribute: 72b91833f83ae208fae7752999fa3104 -> 
  custom:container-demuxer-webm: 4f35f7cbe854078d1ac9338744f61a02 -> 
  custom:video-encoder-webm-vp8: eb34c28f22e8b96e1ab97ce403110664 -> 
========================================================================
Received Prepare
Begin MonoManager ReloadAssembly
- Loaded All Assemblies, in  0.516 seconds
Refreshing native plugins compatible for Editor in 3.60 ms, found 4 plugins.
Native extension for WindowsStandalone target not found
Native extension for Android target not found
[Package Manager] Server::EnsureServerProcessIsRunning -- launch failed, reason: Unity was launched with the -noUpm command-line argument
[Package Manager] UpmClient::Send -- Unable to send message (not connected to UPM process).
[Package Manager] Cannot connect to Unity Package Manager local server
[Package Manager] Server::EnsureServerProcessIsRunning -- launch failed, reason: Unity was launched with the -noUpm command-line argument
[Package Manager] UpmClient::Send -- Unable to send message (not connected to UPM process).
[Package Manager] Cannot connect to Unity Package Manager local server
[Package Manager] Server::EnsureServerProcessIsRunning -- launch failed, reason: Unity was launched with the -noUpm command-line argument
[Package Manager] UpmClient::Send -- Unable to send message (not connected to UPM process).
[Package Manager] Cannot connect to Unity Package Manager local server
Failed to retreived packages from Package Manager...
UnityEngine.StackTraceUtility:ExtractStackTrace ()
UnityEngine.DebugLogHandler:LogFormat (UnityEngine.LogType,UnityEngine.Object,string,object[])
UnityEngine.Logger:Log (UnityEngine.LogType,object)
UnityEngine.Debug:LogError (object)
StylizedGrass.AssetInfo/PackageInstaller:RetreivePackageList () (at Assets/Stylized Grass Shader/Editor/AssetInfo.cs:67)
StylizedGrass.AssetInfo/PackageInstaller:Initialize () (at Assets/Stylized Grass Shader/Editor/AssetInfo.cs:37)
System.Reflection.RuntimeMethodInfo:Invoke (object,System.Reflection.BindingFlags,System.Reflection.Binder,object[],System.Globalization.CultureInfo)
System.Reflection.MethodBase:Invoke (object,object[])
UnityEditor.EditorAssemblies:ProcessInitializeOnLoadMethodAttributes ()

(Filename: Assets/Stylized Grass Shader/Editor/AssetInfo.cs Line: 67)

Cancelling DisplayDialog: Stylized Grass Shader v1.4.4 This package requires the Universal Render Pipeline 12.1.8 or newer, would you like to install or update it now?
This should not be called in batch mode.
UnityEngine.StackTraceUtility:ExtractStackTrace ()
UnityEditor.EditorUtility:DisplayDialog (string,string,string,string)
StylizedGrass.AssetInfo/PackageInstaller:Initialize () (at Assets/Stylized Grass Shader/Editor/AssetInfo.cs:39)
System.Reflection.RuntimeMethodInfo:Invoke (object,System.Reflection.BindingFlags,System.Reflection.Binder,object[],System.Globalization.CultureInfo)
System.Reflection.MethodBase:Invoke (object,object[])
UnityEditor.EditorAssemblies:ProcessInitializeOnLoadMethodAttributes ()

[Assets/Stylized Grass Shader/Editor/AssetInfo.cs line 39]

Mono: successfully reloaded assembly
- Finished resetting the current domain, in  1.457 seconds
Domain Reload Profiling: 1972ms
	BeginReloadAssembly (185ms)
		ExecutionOrderSort (0ms)
		DisableScriptedObjects (6ms)
		BackupInstance (0ms)
		ReleaseScriptingObjects (0ms)
		CreateAndSetChildDomain (56ms)
	RebuildCommonClasses (33ms)
	RebuildNativeTypeToScriptingClass (12ms)
	initialDomainReloadingComplete (26ms)
	LoadAllAssembliesAndSetupDomain (259ms)
		LoadAssemblies (309ms)
		RebuildTransferFunctionScriptingTraits (0ms)
		AnalyzeDomain (28ms)
			TypeCache.Refresh (8ms)
				TypeCache.ScanAssembly (0ms)
			ScanForSourceGeneratedMonoScriptInfo (0ms)
			ResolveRequiredComponents (17ms)
	FinalizeReload (1457ms)
		ReleaseScriptCaches (0ms)
		RebuildScriptCaches (0ms)
		SetupLoadedEditorAssemblies (551ms)
			LogAssemblyErrors (0ms)
			InitializePlatformSupportModulesInManaged (23ms)
			SetLoadedEditorAssemblies (3ms)
			RefreshPlugins (0ms)
			BeforeProcessingInitializeOnLoad (88ms)
			ProcessInitializeOnLoadAttributes (400ms)
			ProcessInitializeOnLoadMethodAttributes (33ms)
			AfterProcessingInitializeOnLoad (3ms)
			EditorAssembliesLoaded (0ms)
		ExecutionOrderSort2 (0ms)
		AwakeInstancesAfterBackupRestoration (57ms)
Refreshing native plugins compatible for Editor in 3.14 ms, found 4 plugins.
Preloading 0 native plugins for Editor in 0.00 ms.
Unloading 7417 Unused Serialized files (Serialized files now loaded: 0)
Unloading 71 unused Assets / (2.5 MB). Loaded Objects now: 8946.
Memory consumption went from 344.0 MB to 341.5 MB.
Total: 6.132100 ms (FindLiveObjects: 0.947800 ms CreateObjectMapping: 0.227700 ms MarkObjects: 3.545200 ms  DeleteObjects: 1.410600 ms)

Prepare: number of updated asset objects reloaded= 0
AssetImportParameters requested are different than current active one (requested -> active):
  custom:container-demuxer-ogg: 62fdf1f143b41e24485cea50d1cbac27 -> 
  custom:framework-win-MediaFoundation: 216162199b28c13a410421893ffa2e32 -> 
  custom:container-muxer-webm: aa71ff27fc2769a1b78a27578f13a17b -> 
  custom:video-decoder-webm-vp8: 9c59270c3fd7afecdb556c50c9e8de78 -> 
  custom:SearchIndexIgnoredProperties: e643bd26f0fe6173181afceb89e7c659 -> 
  custom:AudioImporter_EditorPlatform: d09bf68614088b80899f8185d706f6e7 -> 
  custom:audio-decoder-ogg-vorbis: bf7c407c2cedff20999df2af8eb42d56 -> 
  custom:audio-encoder-webm-vorbis: bf7c407c2cedff20999df2af8eb42d56 -> 
  custom:video-codec-MediaFoundation-h265: e54d7ab0439102e2317fc1e4b246158d -> 
  custom:video-decoder-ogg-theora: a1e56fd34408186e4bbccfd4996cb3dc -> 
  custom:CustomObjectIndexerAttribute: 72b91833f83ae208fae7752999fa3104 -> 
  custom:container-demuxer-webm: 4f35f7cbe854078d1ac9338744f61a02 -> 
  custom:video-encoder-webm-vp8: eb34c28f22e8b96e1ab97ce403110664 -> 
========================================================================
Received Import Request.
  Time since last request: 663.381949 seconds.
  path: Assets/Stadium_TS/VFX/camflashes.vfx
  artifactKey: Guid(ff673f71933c87743ab4e04d585bfb6f) Importer(815301076,1909f56bfc062723c751e8b465ee728b)
Start importing Assets/Stadium_TS/VFX/camflashes.vfx using Guid(ff673f71933c87743ab4e04d585bfb6f) Importer(815301076,1909f56bfc062723c751e8b465ee728b)  -> (artifact id: 'eaf0a9346486cefebaaafadba7eeb778') in 0.040966 seconds
Number of updated asset objects reloaded before import = 0
Number of asset objects unloaded after import = 6
========================================================================
Received Import Request.
  Time since last request: 3.982003 seconds.
  path: Assets/Stadium_TS/VFX/camflashes.vfx
  artifactKey: Guid(ff673f71933c87743ab4e04d585bfb6f) Importer(815301076,1909f56bfc062723c751e8b465ee728b)
Start importing Assets/Stadium_TS/VFX/camflashes.vfx using Guid(ff673f71933c87743ab4e04d585bfb6f) Importer(815301076,1909f56bfc062723c751e8b465ee728b)  -> (artifact id: '9598c666608c6371c52eb8046235e529') in 0.003737 seconds
Number of updated asset objects reloaded before import = 0
Number of asset objects unloaded after import = 6
========================================================================
Received Import Request.
  Time since last request: 67.144547 seconds.
  path: Assets/Stadium_TS/VFX/camflashes.vfx
  artifactKey: Guid(ff673f71933c87743ab4e04d585bfb6f) Importer(815301076,1909f56bfc062723c751e8b465ee728b)
Start importing Assets/Stadium_TS/VFX/camflashes.vfx using Guid(ff673f71933c87743ab4e04d585bfb6f) Importer(815301076,1909f56bfc062723c751e8b465ee728b)  -> (artifact id: '6b7e6ac7094d5551098705207ec34e48') in 0.003963 seconds
Number of updated asset objects reloaded before import = 0
Number of asset objects unloaded after import = 6
========================================================================
Received Import Request.
  Time since last request: 50.553387 seconds.
  path: Assets/Stadium_TS/VFX/camflashes.vfx
  artifactKey: Guid(ff673f71933c87743ab4e04d585bfb6f) Importer(815301076,1909f56bfc062723c751e8b465ee728b)
Start importing Assets/Stadium_TS/VFX/camflashes.vfx using Guid(ff673f71933c87743ab4e04d585bfb6f) Importer(815301076,1909f56bfc062723c751e8b465ee728b)  -> (artifact id: 'd03852a15732f129b802deb17ff3756d') in 0.004015 seconds
Number of updated asset objects reloaded before import = 0
Number of asset objects unloaded after import = 6
========================================================================
Received Import Request.
  Time since last request: 2.379592 seconds.
  path: Packages/com.unity.render-pipelines.high-definition/Runtime/RenderPipelineResources/Material/DefaultHDParticleMaterial.mat
  artifactKey: Guid(b739a3f02ff77bf48b7636e64c3e3b4c) Importer(815301076,1909f56bfc062723c751e8b465ee728b)
Start importing Packages/com.unity.render-pipelines.high-definition/Runtime/RenderPipelineResources/Material/DefaultHDParticleMaterial.mat using Guid(b739a3f02ff77bf48b7636e64c3e3b4c) Importer(815301076,1909f56bfc062723c751e8b465ee728b) d3d12: upload buffer was full! Waited for COPY queue for 1.153 ms.
d3d12: upload buffer was full! Waited for COPY queue for 0.962 ms.
d3d12: upload buffer was full! Waited for COPY queue for 0.945 ms.
d3d12: upload buffer was full! Waited for COPY queue for 0.927 ms.
d3d12: upload buffer was full! Waited for COPY queue for 0.927 ms.
 -> (artifact id: '4c1e97f1fb3f4cf01dc299d7abf7468a') in 0.715230 seconds
Number of updated asset objects reloaded before import = 0
Number of asset objects unloaded after import = 65
========================================================================
Received Import Request.
  Time since last request: 81.399315 seconds.
  path: Assets/Stadium_TS/VFX/CameraFlash_P.mat
  artifactKey: Guid(e0a0622038eefef41a1064dec541219f) Importer(815301076,1909f56bfc062723c751e8b465ee728b)
Start importing Assets/Stadium_TS/VFX/CameraFlash_P.mat using Guid(e0a0622038eefef41a1064dec541219f) Importer(815301076,1909f56bfc062723c751e8b465ee728b)  -> (artifact id: '712e8c226d48ce1c2c53e9a2135288ad') in 0.236613 seconds
Number of updated asset objects reloaded before import = 0
Number of asset objects unloaded after import = 1
========================================================================
Received Import Request.
  Time since last request: 1685.761742 seconds.
  path: Assets/SampleSceneAssets/Settings/Volumes/VolumeGlobal.asset
  artifactKey: Guid(7f342610b85f4164f808a1f380dcc668) Importer(815301076,1909f56bfc062723c751e8b465ee728b)
Start importing Assets/SampleSceneAssets/Settings/Volumes/VolumeGlobal.asset using Guid(7f342610b85f4164f808a1f380dcc668) Importer(815301076,1909f56bfc062723c751e8b465ee728b)  -> (artifact id: '9ef1a7689d7c09c1160a80e51abd5c52') in 0.001047 seconds
Number of updated asset objects reloaded before import = 0
Number of asset objects unloaded after import = 0
========================================================================
Received Import Request.
  Time since last request: 24.418946 seconds.
  path: Assets/SampleSceneAssets/Settings/Volumes/VolumeGlobal.asset
  artifactKey: Guid(7f342610b85f4164f808a1f380dcc668) Importer(815301076,1909f56bfc062723c751e8b465ee728b)
Start importing Assets/SampleSceneAssets/Settings/Volumes/VolumeGlobal.asset using Guid(7f342610b85f4164f808a1f380dcc668) Importer(815301076,1909f56bfc062723c751e8b465ee728b)  -> (artifact id: '7bd075f34cc5d7cfe6e0bb155c308e92') in 0.000806 seconds
Number of updated asset objects reloaded before import = 16
Number of asset objects unloaded after import = 0
========================================================================
Received Import Request.
  Time since last request: 1077.475796 seconds.
  path: Assets/Stadium_TS/VFX/CameraFlash_P.mat
  artifactKey: Guid(e0a0622038eefef41a1064dec541219f) Importer(815301076,1909f56bfc062723c751e8b465ee728b)
Start importing Assets/Stadium_TS/VFX/CameraFlash_P.mat using Guid(e0a0622038eefef41a1064dec541219f) Importer(815301076,1909f56bfc062723c751e8b465ee728b)  -> (artifact id: 'd728cf3dd37d8bd05a600e34ac65d147') in 5.417815 seconds
Number of updated asset objects reloaded before import = 0
Number of asset objects unloaded after import = 2
